For 1-det.
Compression turns off.
C432:
#number of test vectors = 129
#number of test vectors (after STC) = 0
# fault coverage: 11.621622 %
#atpg: cputime for test pattern generation ../sample_circuits/c432.ckt: 0.0s 0.0s
C499:
#number of test vectors = 1480
#number of test vectors (after STC) = 0
# fault coverage: 93.849372 %
#atpg: cputime for test pattern generation ../sample_circuits/c499.ckt: 1.4s 1.4s
C880:
#number of test vectors = 923
#number of test vectors (after STC) = 0
# fault coverage: 50.285171 %
#atpg: cputime for test pattern generation ../sample_circuits/c880.ckt: 0.5s 0.5s
C1355:
#number of test vectors = 1000
#number of test vectors (after STC) = 0
# fault coverage: 38.407924 %
#atpg: cputime for test pattern generation ../sample_circuits/c1355.ckt: 2.0s 2.0s
C2670:
#number of test vectors = 4641
#number of test vectors (after STC) = 0
# fault coverage: 92.791411 %
#atpg: cputime for test pattern generation ../sample_circuits/c2670.ckt: 4.6s 4.6s
C3540:
#number of test vectors = 1496
#number of test vectors (after STC) = 0
# fault coverage: 22.958281 %
#atpg: cputime for test pattern generation ../sample_circuits/c3540.ckt: 9.8s 9.8s
C7552:
#number of test vectors = 12676
#number of test vectors (after STC) = 0
# fault coverage: 98.031456 %
#atpg: cputime for test pattern generation ../sample_circuits/c7552.ckt: 52.6s 52.6s
