For 1-det.
Compression turns on.
C432:
#number of test vectors = 129
#number of test vectors (after STC) = 31
# fault coverage: 11.621622 %
#atpg: cputime for test pattern generation ../sample_circuits/c432.ckt: 0.1s 0.1s
C499:
#number of test vectors = 1480
#number of test vectors (after STC) = 112
# fault coverage: 93.807531 %
#atpg: cputime for test pattern generation ../sample_circuits/c499.ckt: 1.5s 1.5s
C880:
#number of test vectors = 923
#number of test vectors (after STC) = 93
# fault coverage: 50.237643 %
#atpg: cputime for test pattern generation ../sample_circuits/c880.ckt: 0.7s 0.7s
C1355:
#number of test vectors = 1000
#number of test vectors (after STC) = 79
# fault coverage: 38.407924 %
#atpg: cputime for test pattern generation ../sample_circuits/c1355.ckt: 2.2s 2.2s
C2670:
#number of test vectors = 4641
#number of test vectors (after STC) = 219
# fault coverage: 92.806748 %
#atpg: cputime for test pattern generation ../sample_circuits/c2670.ckt: 6.3s 6.3s
C3540:
#number of test vectors = 1496
#number of test vectors (after STC) = 138
# fault coverage: 23.135272 %
#atpg: cputime for test pattern generation ../sample_circuits/c3540.ckt: 10.9s 10.9s
C7552:
#number of test vectors = 12676
#number of test vectors (after STC) = 396
# fault coverage: 98.026316 %
#atpg: cputime for test pattern generation ../sample_circuits/c7552.ckt: 67.8s 67.9s
