For 6-det.
Compression turns on.
C432:
#number of test vectors = 129
#number of test vectors (after STC) = 75
# fault coverage: 11.441441 %
#atpg: cputime for test pattern generation ../sample_circuits/c432.ckt: 0.1s 0.1s
C499:
#number of test vectors = 1479
#number of test vectors (after STC) = 251
# fault coverage: 93.472803 %
#atpg: cputime for test pattern generation ../sample_circuits/c499.ckt: 1.6s 1.6s
C880:
#number of test vectors = 923
#number of test vectors (after STC) = 272
# fault coverage: 50.190114 %
#atpg: cputime for test pattern generation ../sample_circuits/c880.ckt: 0.7s 0.7s
C1355:
#number of test vectors = 855
#number of test vectors (after STC) = 154
# fault coverage: 38.334556 %
#atpg: cputime for test pattern generation ../sample_circuits/c1355.ckt: 2.6s 2.6s
C2670:
#number of test vectors = 4641
#number of test vectors (after STC) = 554
# fault coverage: 92.806748 %
#atpg: cputime for test pattern generation ../sample_circuits/c2670.ckt: 6.7s 6.7s
C3540:
#number of test vectors = 1496
#number of test vectors (after STC) = 443
# fault coverage: 23.046776 %
#atpg: cputime for test pattern generation ../sample_circuits/c3540.ckt: 10.8s 10.9s
C7552:
#number of test vectors = 12676
#number of test vectors (after STC) = 1289
# fault coverage: 98.031456 %
#atpg: cputime for test pattern generation ../sample_circuits/c7552.ckt: 69.3s 69.3s
