For 2-det.
Compression turns on.
C432:
#number of test vectors = 129
#number of test vectors (after STC) = 55
# fault coverage: 11.621622 %
#atpg: cputime for test pattern generation ../sample_circuits/c432.ckt: 0.1s 0.1s
C499:
#number of test vectors = 1480
#number of test vectors (after STC) = 155
# fault coverage: 94.267782 %
#atpg: cputime for test pattern generation ../sample_circuits/c499.ckt: 1.6s 1.6s
C880:
#number of test vectors = 923
#number of test vectors (after STC) = 164
# fault coverage: 50.095057 %
#atpg: cputime for test pattern generation ../sample_circuits/c880.ckt: 0.7s 0.7s
C1355:
#number of test vectors = 930
#number of test vectors (after STC) = 108
# fault coverage: 38.407924 %
#atpg: cputime for test pattern generation ../sample_circuits/c1355.ckt: 2.2s 2.2s
C2670:
#number of test vectors = 4641
#number of test vectors (after STC) = 289
# fault coverage: 92.898773 %
#atpg: cputime for test pattern generation ../sample_circuits/c2670.ckt: 6.3s 6.4s
C3540:
#number of test vectors = 1496
#number of test vectors (after STC) = 242
# fault coverage: 22.996207 %
#atpg: cputime for test pattern generation ../sample_circuits/c3540.ckt: 10.9s 10.9s
C7552:
#number of test vectors = 12676
#number of test vectors (after STC) = 632
# fault coverage: 98.026316 %
#atpg: cputime for test pattern generation ../sample_circuits/c7552.ckt: 69.2s 69.3s
