For 5-det.
Compression turns on.
C432:
#number of test vectors = 129
#number of test vectors (after STC) = 73
# fault coverage: 11.621622 %
#atpg: cputime for test pattern generation ../sample_circuits/c432.ckt: 0.1s 0.1s
C499:
#number of test vectors = 1479
#number of test vectors (after STC) = 249
# fault coverage: 93.765690 %
#atpg: cputime for test pattern generation ../sample_circuits/c499.ckt: 1.6s 1.6s
C880:
#number of test vectors = 923
#number of test vectors (after STC) = 248
# fault coverage: 50.190114 %
#atpg: cputime for test pattern generation ../sample_circuits/c880.ckt: 0.7s 0.7s
C1355:
#number of test vectors = 855
#number of test vectors (after STC) = 155
# fault coverage: 38.297872 %
#atpg: cputime for test pattern generation ../sample_circuits/c1355.ckt: 2.6s 2.6s
C2670:
#number of test vectors = 4641
#number of test vectors (after STC) = 507
# fault coverage: 92.806748 %
#atpg: cputime for test pattern generation ../sample_circuits/c2670.ckt: 6.7s 6.7s
C3540:
#number of test vectors = 1496
#number of test vectors (after STC) = 399
# fault coverage: 23.046776 %
#atpg: cputime for test pattern generation ../sample_circuits/c3540.ckt: 11.0s 11.0s
C7552:
#number of test vectors = 12676
#number of test vectors (after STC) = 1144
# fault coverage: 98.031456 %
#atpg: cputime for test pattern generation ../sample_circuits/c7552.ckt: 69.3s 69.4s
